\BOOKMARK [1][-]{portada.1}{Portada}{}% 1
\BOOKMARK [1][-]{firmas.1}{Firmas}{}% 2
\BOOKMARK [0][-]{section*.1}{\315ndice general}{}% 3
\BOOKMARK [0][-]{section*.2}{\315ndice de figuras}{}% 4
\BOOKMARK [0][-]{section*.3}{\315ndice de cuadros}{}% 5
\BOOKMARK [0][-]{chapter.1}{Introducci\363n}{}% 6
\BOOKMARK [1][-]{section.1.1}{Alcance}{chapter.1}% 7
\BOOKMARK [2][-]{subsection.1.1.1}{Equipo}{section.1.1}% 8
\BOOKMARK [2][-]{subsection.1.1.2}{Herramientas}{section.1.1}% 9
\BOOKMARK [2][-]{subsection.1.1.3}{Resultados}{section.1.1}% 10
\BOOKMARK [1][-]{section.1.2}{Justificaci\363n}{chapter.1}% 11
\BOOKMARK [1][-]{section.1.3}{Objetivos}{chapter.1}% 12
\BOOKMARK [2][-]{subsection.1.3.1}{Objetivo general}{section.1.3}% 13
\BOOKMARK [2][-]{subsection.1.3.2}{Objetivos espec\355ficos}{section.1.3}% 14
\BOOKMARK [1][-]{section.1.4}{Metodolog\355a}{chapter.1}% 15
\BOOKMARK [0][-]{chapter.2}{Nota te\363rica}{}% 16
\BOOKMARK [1][-]{section.2.1}{Movilidad}{chapter.2}% 17
\BOOKMARK [2][-]{subsection.2.1.1}{Ruedas}{section.2.1}% 18
\BOOKMARK [2][-]{subsection.2.1.2}{Motores}{section.2.1}% 19
\BOOKMARK [2][-]{subsection.2.1.3}{Encoder}{section.2.1}% 20
\BOOKMARK [1][-]{section.2.2}{Visi\363n}{chapter.2}% 21
\BOOKMARK [2][-]{subsection.2.2.1}{Profundidad}{section.2.2}% 22
\BOOKMARK [2][-]{subsection.2.2.2}{Textura}{section.2.2}% 23
\BOOKMARK [1][-]{section.2.3}{Autonom\355a}{chapter.2}% 24
\BOOKMARK [2][-]{subsection.2.3.1}{Mapeo}{section.2.3}% 25
\BOOKMARK [2][-]{subsection.2.3.2}{Localizaci\363n}{section.2.3}% 26
\BOOKMARK [2][-]{subsection.2.3.3}{Navegaci\363n}{section.2.3}% 27
\BOOKMARK [0][-]{chapter.3}{Infraestructura Existente}{}% 28
\BOOKMARK [1][-]{section.3.1}{Carrito omnidireccional}{chapter.3}% 29
\BOOKMARK [1][-]{section.3.2}{Motores}{chapter.3}% 30
\BOOKMARK [1][-]{section.3.3}{Controladores}{chapter.3}% 31
\BOOKMARK [1][-]{section.3.4}{Sistema de desarrollo}{chapter.3}% 32
\BOOKMARK [1][-]{section.3.5}{Hokuyo}{chapter.3}% 33
\BOOKMARK [1][-]{section.3.6}{Control de PS4}{chapter.3}% 34
\BOOKMARK [0][-]{chapter.4}{Dise\361o}{}% 35
\BOOKMARK [1][-]{section.4.1}{Justificaci\363n de dise\361o}{chapter.4}% 36
\BOOKMARK [2][-]{subsection.4.1.1}{Hardware}{section.4.1}% 37
\BOOKMARK [2][-]{subsection.4.1.2}{Software}{section.4.1}% 38
\BOOKMARK [1][-]{section.4.2}{Diagrama el\351ctrico}{chapter.4}% 39
\BOOKMARK [1][-]{section.4.3}{C\363digo del stm32f411}{chapter.4}% 40
\BOOKMARK [2][-]{subsection.4.3.1}{Biblioteca de comunicaci\363n}{section.4.3}% 41
\BOOKMARK [2][-]{subsection.4.3.2}{C\363digo del Encoder}{section.4.3}% 42
\BOOKMARK [2][-]{subsection.4.3.3}{Control PID}{section.4.3}% 43
\BOOKMARK [2][-]{subsection.4.3.4}{Protocolo de comunicaci\363n entre Discovery y PC}{section.4.3}% 44
\BOOKMARK [2][-]{subsection.4.3.5}{Odometr\355a global del robot}{section.4.3}% 45
\BOOKMARK [2][-]{subsection.4.3.6}{Diagrama completo del c\363digo}{section.4.3}% 46
\BOOKMARK [1][-]{section.4.4}{C\363digo de la computadora principal}{chapter.4}% 47
\BOOKMARK [2][-]{subsection.4.4.1}{Sensores l\341ser}{section.4.4}% 48
\BOOKMARK [2][-]{subsection.4.4.2}{Odometr\355a}{section.4.4}% 49
\BOOKMARK [2][-]{subsection.4.4.3}{\301rbol de Tf}{section.4.4}% 50
\BOOKMARK [2][-]{subsection.4.4.4}{Comandos de velocidad de la base}{section.4.4}% 51
\BOOKMARK [0][-]{chapter.5}{Implementaci\363n}{}% 52
\BOOKMARK [1][-]{section.5.1}{Kinect}{chapter.5}% 53
\BOOKMARK [2][-]{subsection.5.1.1}{Instalaci\363n del software}{section.5.1}% 54
\BOOKMARK [2][-]{subsection.5.1.2}{Calibraci\363n del Kinect}{section.5.1}% 55
\BOOKMARK [2][-]{subsection.5.1.3}{Pruebas de funcionamiento}{section.5.1}% 56
\BOOKMARK [2][-]{subsection.5.1.4}{Retos}{section.5.1}% 57
\BOOKMARK [1][-]{section.5.2}{Hokuyo}{chapter.5}% 58
\BOOKMARK [2][-]{subsection.5.2.1}{Instalaci\363n del software}{section.5.2}% 59
\BOOKMARK [2][-]{subsection.5.2.2}{Pruebas de funcionamiento}{section.5.2}% 60
\BOOKMARK [2][-]{subsection.5.2.3}{Retos}{section.5.2}% 61
\BOOKMARK [1][-]{section.5.3}{Conexi\363n de un STM32F4 y un roboclaw}{chapter.5}% 62
\BOOKMARK [2][-]{subsection.5.3.1}{Conexi\363n}{section.5.3}% 63